<?xml version="1.0" encoding="UTF-8"?>
<!-- Generated by org.testng.reporters.JUnitReportReporter -->
<testsuite hostname="LAPTOP-Q01D263N" failures="0" tests="3" name="lession2.testclass" time="٠.٦٥١" errors="0" timestamp="٢٠٢٥-٠٤-٢٠T١٥:١٠:١٦ EET" skipped="0">
  <testcase classname="lession2.testclass" name="Login" time="٠.٤٢٩"/>
  <testcase classname="lession2.testclass" name="addrandomitem" time="٠.١٠٠"/>
  <testcase classname="lession2.testclass" name="TestList" time="٠.١٢٢"/>
</testsuite> <!-- lession2.testclass -->
